#
# There is insufficient memory for the Java Runtime Environment to continue.
# Native memory allocation (malloc) failed to allocate 32744 bytes for ChunkPool::allocate
# Possible reasons:
#   The system is out of physical RAM or swap space
#   In 32 bit mode, the process size limit was hit
# Possible solutions:
#   Reduce memory load on the system
#   Increase physical memory or swap space
#   Check if swap backing store is full
#   Use 64 bit Java on a 64 bit OS
#   Decrease Java heap size (-Xmx/-Xms)
#   Decrease number of Java threads
#   Decrease Java thread stack sizes (-Xss)
#   Set larger code cache with -XX:ReservedCodeCacheSize=
# This output file may be truncated or incomplete.
#
#  Out of Memory Error (allocation.cpp:273), pid=5592, tid=0x0000000000002968
#
# JRE version: OpenJDK Runtime Environment (8.0_112-b06) (build 1.8.0_112-release-b06)
# Java VM: OpenJDK 64-Bit Server VM (25.112-b06 mixed mode windows-amd64 compressed oops)
# Failed to write core dump. Minidumps are not enabled by default on client versions of Windows
#

---------------  T H R E A D  ---------------

Current thread (0x000000001678a000):  JavaThread "C2 CompilerThread1" daemon [_thread_in_native, id=10600, stack(0x0000000017ee0000,0x0000000017fe0000)]

Stack: [0x0000000017ee0000,0x0000000017fe0000]
[error occurred during error reporting (printing stack bounds), id 0xc0000005]

Native frames: (J=compiled Java code, j=interpreted, Vv=VM code, C=native code)


Current CompileTask:
C2:  11215 1348       4       java.net.URLClassLoader$1::run (5 bytes)


---------------  P R O C E S S  ---------------

Java Threads: ( => current thread )
  0x0000000018a37000 JavaThread "Stdin handler" [_thread_blocked, id=11788, stack(0x000000001ae30000,0x000000001af30000)]
  0x0000000018a36000 JavaThread "pool-1-thread-1" [_thread_blocked, id=8136, stack(0x000000001ad30000,0x000000001ae30000)]
  0x0000000019681000 JavaThread "Asynchronous log dispatcher for DefaultDaemonConnection: socket connection from /127.0.0.1:58611 to /127.0.0.1:58612" [_thread_blocked, id=13464, stack(0x000000001ac30000,0x000000001ad30000)]
  0x0000000019680000 JavaThread "Daemon worker" [_thread_in_native, id=456, stack(0x000000001ab30000,0x000000001ac30000)]
  0x0000000018b69800 JavaThread "Cancel handler" [_thread_blocked, id=11236, stack(0x000000001aa30000,0x000000001ab30000)]
  0x00000000180c7800 JavaThread "Handler for socket connection from /127.0.0.1:58611 to /127.0.0.1:58612" [_thread_in_native, id=7944, stack(0x000000001a930000,0x000000001aa30000)]
  0x00000000180c6000 JavaThread "Daemon" [_thread_blocked, id=11184, stack(0x000000001a630000,0x000000001a730000)]
  0x000000001885a000 JavaThread "Incoming local TCP Connector on port 58611" [_thread_in_native, id=9500, stack(0x000000001a3f0000,0x000000001a4f0000)]
  0x00000000167ed800 JavaThread "Service Thread" daemon [_thread_blocked, id=14120, stack(0x00000000184e0000,0x00000000185e0000)]
  0x0000000017fe8800 JavaThread "C1 CompilerThread2" daemon [_thread_blocked, id=12196, stack(0x00000000183e0000,0x00000000184e0000)]
=>0x000000001678a000 JavaThread "C2 CompilerThread1" daemon [_thread_in_native, id=10600, stack(0x0000000017ee0000,0x0000000017fe0000)]
  0x0000000016796800 JavaThread "C2 CompilerThread0" daemon [_thread_in_native, id=3196, stack(0x0000000017de0000,0x0000000017ee0000)]
  0x0000000016795000 JavaThread "Attach Listener" daemon [_thread_blocked, id=12476, stack(0x0000000017ce0000,0x0000000017de0000)]
  0x0000000016794000 JavaThread "Signal Dispatcher" daemon [_thread_blocked, id=3696, stack(0x0000000017be0000,0x0000000017ce0000)]
  0x0000000002e15800 JavaThread "Finalizer" daemon [_thread_blocked, id=12756, stack(0x00000000179e0000,0x0000000017ae0000)]
  0x0000000002e10000 JavaThread "Reference Handler" daemon [_thread_blocked, id=2596, stack(0x00000000178e0000,0x00000000179e0000)]
  0x0000000002d20800 JavaThread "main" [_thread_blocked, id=10724, stack(0x0000000002bd0000,0x0000000002cd0000)]

Other Threads:
  0x0000000016755800 VMThread [stack: 0x00000000177e0000,0x00000000178e0000] [id=9080]
  0x0000000017fec800 WatcherThread [stack: 0x00000000185e0000,0x00000000186e0000] [id=10932]

VM state:not at safepoint (normal execution)

VM Mutex/Monitor currently owned by a thread: None

Heap:
 PSYoungGen      total 38400K, used 25014K [0x00000000e0000000, 0x00000000e2a80000, 0x0000000100000000)
  eden space 33280K, 59% used [0x00000000e0000000,0x00000000e136de20,0x00000000e2080000)
  from space 5120K, 99% used [0x00000000e2580000,0x00000000e2a7fba0,0x00000000e2a80000)
  to   space 5120K, 0% used [0x00000000e2080000,0x00000000e2080000,0x00000000e2580000)
 ParOldGen       total 87552K, used 859K [0x00000000a0000000, 0x00000000a5580000, 0x00000000e0000000)
  object space 87552K, 0% used [0x00000000a0000000,0x00000000a00d6da0,0x00000000a5580000)
 Metaspace       used 14959K, capacity 15272K, committed 15616K, reserved 1062912K
  class space    used 2064K, capacity 2185K, committed 2304K, reserved 1048576K

Card table byte_map: [0x00000000121e0000,0x00000000124f0000] byte_map_base: 0x0000000011ce0000

Marking Bits: (ParMarkBitMap*) 0x0000000073f518f0
 Begin Bits: [0x0000000012af0000, 0x00000000142f0000)
 End Bits:   [0x00000000142f0000, 0x0000000015af0000)

Polling page: 0x0000000001240000

CodeCache: size=245760Kb used=4853Kb max_used=4865Kb free=240906Kb
 bounds [0x0000000002e20000, 0x00000000032f0000, 0x0000000011e20000]
 total_blobs=1729 nmethods=1342 adapters=300
 compilation: enabled

Compilation events (10 events):
Event: 11.193 Thread 0x0000000017fe8800 1345       3       sun.misc.ProxyGenerator::code_aload (11 bytes)
Event: 11.194 Thread 0x0000000017fe8800 nmethod 1345 0x00000000032d95d0 code [0x00000000032d9740, 0x00000000032d98e8]
Event: 11.194 Thread 0x0000000016796800 nmethod 1340 0x00000000032e0a90 code [0x00000000032e0be0, 0x00000000032e0ef8]
Event: 11.195 Thread 0x000000001678a000 nmethod 1336 0x00000000032de290 code [0x00000000032de420, 0x00000000032ded78]
Event: 11.204 Thread 0x0000000017fe8800 1346       3       java.lang.ReflectiveOperationException::<init> (7 bytes)
Event: 11.204 Thread 0x000000001678a000 1348       4       java.net.URLClassLoader$1::run (5 bytes)
Event: 11.204 Thread 0x0000000016796800 1349   !   4       java.net.URLClassLoader$1::run (63 bytes)
Event: 11.205 Thread 0x0000000017fe8800 nmethod 1346 0x00000000032dde50 code [0x00000000032ddfc0, 0x00000000032de1a8]
Event: 11.205 Thread 0x0000000017fe8800 1347       3       java.lang.Exception::<init> (7 bytes)
Event: 11.205 Thread 0x0000000017fe8800 nmethod 1347 0x00000000032d9210 code [0x00000000032d9380, 0x00000000032d9508]

GC Heap History (4 events):
Event: 3.368 GC heap before
{Heap before GC invocations=1 (full 0):
 PSYoungGen      total 38400K, used 33280K [0x00000000e0000000, 0x00000000e2a80000, 0x0000000100000000)
  eden space 33280K, 100% used [0x00000000e0000000,0x00000000e2080000,0x00000000e2080000)
  from space 5120K, 0% used [0x00000000e2580000,0x00000000e2580000,0x00000000e2a80000)
  to   space 5120K, 0% used [0x00000000e2080000,0x00000000e2080000,0x00000000e2580000)
 ParOldGen       total 87552K, used 0K [0x00000000a0000000, 0x00000000a5580000, 0x00000000e0000000)
  object space 87552K, 0% used [0x00000000a0000000,0x00000000a0000000,0x00000000a5580000)
 Metaspace       used 6804K, capacity 6952K, committed 7040K, reserved 1056768K
  class space    used 832K, capacity 888K, committed 896K, reserved 1048576K
Event: 3.394 GC heap after
Heap after GC invocations=1 (full 0):
 PSYoungGen      total 38400K, used 4352K [0x00000000e0000000, 0x00000000e2a80000, 0x0000000100000000)
  eden space 33280K, 0% used [0x00000000e0000000,0x00000000e0000000,0x00000000e2080000)
  from space 5120K, 85% used [0x00000000e2080000,0x00000000e24c0368,0x00000000e2580000)
  to   space 5120K, 0% used [0x00000000e2580000,0x00000000e2580000,0x00000000e2a80000)
 ParOldGen       total 87552K, used 8K [0x00000000a0000000, 0x00000000a5580000, 0x00000000e0000000)
  object space 87552K, 0% used [0x00000000a0000000,0x00000000a0002000,0x00000000a5580000)
 Metaspace       used 6804K, capacity 6952K, committed 7040K, reserved 1056768K
  class space    used 832K, capacity 888K, committed 896K, reserved 1048576K
}
Event: 10.707 GC heap before
{Heap before GC invocations=2 (full 0):
 PSYoungGen      total 38400K, used 37632K [0x00000000e0000000, 0x00000000e2a80000, 0x0000000100000000)
  eden space 33280K, 100% used [0x00000000e0000000,0x00000000e2080000,0x00000000e2080000)
  from space 5120K, 85% used [0x00000000e2080000,0x00000000e24c0368,0x00000000e2580000)
  to   space 5120K, 0% used [0x00000000e2580000,0x00000000e2580000,0x00000000e2a80000)
 ParOldGen       total 87552K, used 8K [0x00000000a0000000, 0x00000000a5580000, 0x00000000e0000000)
  object space 87552K, 0% used [0x00000000a0000000,0x00000000a0002000,0x00000000a5580000)
 Metaspace       used 13161K, capacity 13480K, committed 13696K, reserved 1060864K
  class space    used 1758K, capacity 1865K, committed 1920K, reserved 1048576K
Event: 10.717 GC heap after
Heap after GC invocations=2 (full 0):
 PSYoungGen      total 38400K, used 5118K [0x00000000e0000000, 0x00000000e2a80000, 0x0000000100000000)
  eden space 33280K, 0% used [0x00000000e0000000,0x00000000e0000000,0x00000000e2080000)
  from space 5120K, 99% used [0x00000000e2580000,0x00000000e2a7fba0,0x00000000e2a80000)
  to   space 5120K, 0% used [0x00000000e2080000,0x00000000e2080000,0x00000000e2580000)
 ParOldGen       total 87552K, used 859K [0x00000000a0000000, 0x00000000a5580000, 0x00000000e0000000)
  object space 87552K, 0% used [0x00000000a0000000,0x00000000a00d6da0,0x00000000a5580000)
 Metaspace       used 13161K, capacity 13480K, committed 13696K, reserved 1060864K
  class space    used 1758K, capacity 1865K, committed 1920K, reserved 1048576K
}

Deoptimization events (10 events):
Event: 6.911 Thread 0x0000000002d20800 Uncommon trap: reason=unstable_if action=reinterpret pc=0x0000000003071e48 method=java.util.HashMap.getNode(ILjava/lang/Object;)Ljava/util/HashMap$Node; @ 129
Event: 6.911 Thread 0x0000000002d20800 Uncommon trap: reason=bimorphic action=maybe_recompile pc=0x0000000003093b38 method=java.util.HashMap.putVal(ILjava/lang/Object;Ljava/lang/Object;ZZ)Ljava/lang/Object; @ 203
Event: 6.916 Thread 0x0000000002d20800 Uncommon trap: reason=unstable_if action=reinterpret pc=0x000000000307253c method=java.util.HashMap.getNode(ILjava/lang/Object;)Ljava/util/HashMap$Node; @ 129
Event: 6.916 Thread 0x0000000002d20800 Uncommon trap: reason=bimorphic action=maybe_recompile pc=0x0000000003093b38 method=java.util.HashMap.putVal(ILjava/lang/Object;Ljava/lang/Object;ZZ)Ljava/lang/Object; @ 203
Event: 10.274 Thread 0x0000000002d20800 Uncommon trap: reason=unstable_if action=reinterpret pc=0x0000000003132630 method=java.util.LinkedHashMap.afterNodeInsertion(Z)V @ 1
Event: 10.425 Thread 0x0000000002d20800 Uncommon trap: reason=unstable_if action=reinterpret pc=0x00000000030752a8 method=sun.misc.MetaIndex.mayContain(Ljava/lang/String;)Z @ 38
Event: 10.447 Thread 0x0000000019680000 Uncommon trap: reason=bimorphic action=maybe_recompile pc=0x00000000031643b8 method=java.util.HashMap.putVal(ILjava/lang/Object;Ljava/lang/Object;ZZ)Ljava/lang/Object; @ 253
Event: 10.447 Thread 0x0000000019680000 Uncommon trap: reason=bimorphic action=maybe_recompile pc=0x00000000031643b8 method=java.util.HashMap.putVal(ILjava/lang/Object;Ljava/lang/Object;ZZ)Ljava/lang/Object; @ 253
Event: 10.979 Thread 0x0000000019680000 Uncommon trap: reason=class_check action=maybe_recompile pc=0x000000000308aa1c method=java.util.regex.Matcher.match(II)Z @ 86
Event: 10.980 Thread 0x0000000019680000 Uncommon trap: reason=class_check action=maybe_recompile pc=0x000000000308aa1c method=java.util.regex.Matcher.match(II)Z @ 86

Internal exceptions (10 events):
Event: 10.362 Thread 0x0000000002d20800 Exception <a 'java/lang/ArrayIndexOutOfBoundsException'> (0x00000000e1532368) thrown at [C:\src\android\AOSP-openjdk\external\jetbrains\jdk\hotspot\src\share\vm\runtime\sharedRuntime.cpp, line 605]
Event: 10.362 Thread 0x0000000002d20800 Exception <a 'java/lang/ArrayIndexOutOfBoundsException'> (0x00000000e1533558) thrown at [C:\src\android\AOSP-openjdk\external\jetbrains\jdk\hotspot\src\share\vm\runtime\sharedRuntime.cpp, line 605]
Event: 10.363 Thread 0x0000000002d20800 Exception <a 'java/lang/ArrayIndexOutOfBoundsException'> (0x00000000e1535320) thrown at [C:\src\android\AOSP-openjdk\external\jetbrains\jdk\hotspot\src\share\vm\runtime\sharedRuntime.cpp, line 605]
Event: 10.390 Thread 0x0000000002d20800 Exception <a 'java/lang/ArrayIndexOutOfBoundsException'> (0x00000000e1999408) thrown at [C:\src\android\AOSP-openjdk\external\jetbrains\jdk\hotspot\src\share\vm\runtime\sharedRuntime.cpp, line 605]
Event: 10.401 Thread 0x0000000002d20800 Exception <a 'java/lang/ArrayIndexOutOfBoundsException'> (0x00000000e19a7490) thrown at [C:\src\android\AOSP-openjdk\external\jetbrains\jdk\hotspot\src\share\vm\runtime\sharedRuntime.cpp, line 605]
Event: 10.406 Thread 0x0000000019680000 Exception <a 'java/lang/NoSuchMethodError': <clinit>> (0x00000000e1a33ba0) thrown at [C:\src\android\AOSP-openjdk\external\jetbrains\jdk\hotspot\src\share\vm\prims\jni.cpp, line 1613]
Event: 10.408 Thread 0x0000000019680000 Exception <a 'java/lang/NoSuchMethodError': <clinit>> (0x00000000e1a3be28) thrown at [C:\src\android\AOSP-openjdk\external\jetbrains\jdk\hotspot\src\share\vm\prims\jni.cpp, line 1613]
Event: 10.577 Thread 0x0000000019680000 Exception <a 'java/lang/ArrayIndexOutOfBoundsException'> (0x00000000e1c86ee0) thrown at [C:\src\android\AOSP-openjdk\external\jetbrains\jdk\hotspot\src\share\vm\runtime\sharedRuntime.cpp, line 605]
Event: 10.662 Thread 0x0000000019680000 Exception <a 'java/lang/ArrayIndexOutOfBoundsException'> (0x00000000e1d587b8) thrown at [C:\src\android\AOSP-openjdk\external\jetbrains\jdk\hotspot\src\share\vm\runtime\sharedRuntime.cpp, line 605]
Event: 10.662 Thread 0x0000000019680000 Exception <a 'java/lang/ArrayIndexOutOfBoundsException'> (0x00000000e1d59bb0) thrown at [C:\src\android\AOSP-openjdk\external\jetbrains\jdk\hotspot\src\share\vm\runtime\sharedRuntime.cpp, line 605]

Events (10 events):
Event: 11.204 loading class org/gradle/internal/reflect/ClassDetails
Event: 11.204 loading class org/gradle/internal/reflect/ClassDetails done
Event: 11.204 loading class org/gradle/internal/reflect/MutableClassDetails
Event: 11.204 loading class org/gradle/internal/reflect/MutableClassDetails done
Event: 11.204 loading class org/gradle/internal/reflect/PropertyDetails
Event: 11.204 loading class org/gradle/internal/reflect/PropertyDetails done
Event: 11.205 loading class org/gradle/internal/reflect/MethodSet
Event: 11.205 loading class org/gradle/internal/reflect/MethodSet done
Event: 11.205 loading class org/gradle/plugin/repository/GradlePluginPortal
Event: 11.205 loading class org/gradle/plugin/repository/GradlePluginPortal done


Dynamic libraries:
0x00007ff76ded0000 - 0x00007ff76df01000 	C:\Program Files\Android\Android Studio\jre\bin\java.exe
0x00007ffbb6d40000 - 0x00007ffbb6f2d000 	C:\WINDOWS\SYSTEM32\ntdll.dll
0x00007ffbb4510000 - 0x00007ffbb45c3000 	C:\WINDOWS\System32\KERNEL32.DLL
0x00007ffbb3aa0000 - 0x00007ffbb3d33000 	C:\WINDOWS\System32\KERNELBASE.dll
0x00007ffbb4460000 - 0x00007ffbb4503000 	C:\WINDOWS\System32\ADVAPI32.dll
0x00007ffbb46e0000 - 0x00007ffbb477e000 	C:\WINDOWS\System32\msvcrt.dll
0x00007ffbb6c70000 - 0x00007ffbb6d0e000 	C:\WINDOWS\System32\sechost.dll
0x00007ffbb5e20000 - 0x00007ffbb5f42000 	C:\WINDOWS\System32\RPCRT4.dll
0x00007ffbb5fb0000 - 0x00007ffbb6147000 	C:\WINDOWS\System32\USER32.dll
0x00007ffbb3790000 - 0x00007ffbb37b0000 	C:\WINDOWS\System32\win32u.dll
0x00007ffbb42a0000 - 0x00007ffbb42c9000 	C:\WINDOWS\System32\GDI32.dll
0x00007ffbb37d0000 - 0x00007ffbb396a000 	C:\WINDOWS\System32\gdi32full.dll
0x00007ffbb36f0000 - 0x00007ffbb3790000 	C:\WINDOWS\System32\msvcp_win.dll
0x00007ffbb3970000 - 0x00007ffbb3a6a000 	C:\WINDOWS\System32\ucrtbase.dll
0x00007ffba83d0000 - 0x00007ffba8649000 	C:\WINDOWS\WinSxS\amd64_microsoft.windows.common-controls_6595b64144ccf1df_6.0.17763.379_none_05b83be8071c94a1\COMCTL32.dll
0x00007ffbb3f70000 - 0x00007ffbb429d000 	C:\WINDOWS\System32\combase.dll
0x00007ffbb2f20000 - 0x00007ffbb2f9e000 	C:\WINDOWS\System32\bcryptPrimitives.dll
0x00007ffbb6480000 - 0x00007ffbb64ae000 	C:\WINDOWS\System32\IMM32.DLL
0x00000000736b0000 - 0x0000000073782000 	C:\Program Files\Android\Android Studio\jre\jre\bin\msvcr100.dll
0x0000000073790000 - 0x0000000073fcc000 	C:\Program Files\Android\Android Studio\jre\jre\bin\server\jvm.dll
0x00007ffbb6250000 - 0x00007ffbb6258000 	C:\WINDOWS\System32\PSAPI.DLL
0x00007ffba51a0000 - 0x00007ffba51a9000 	C:\WINDOWS\SYSTEM32\WSOCK32.dll
0x00007ffbb6160000 - 0x00007ffbb61cd000 	C:\WINDOWS\System32\WS2_32.dll
0x00007ffbafb30000 - 0x00007ffbafb54000 	C:\WINDOWS\SYSTEM32\WINMM.dll
0x00007ffbada70000 - 0x00007ffbada7a000 	C:\WINDOWS\SYSTEM32\VERSION.dll
0x00007ffbafb00000 - 0x00007ffbafb2d000 	C:\WINDOWS\SYSTEM32\WINMMBASE.dll
0x00007ffbb3d40000 - 0x00007ffbb3d8a000 	C:\WINDOWS\System32\cfgmgr32.dll
0x00007ffb9c840000 - 0x00007ffb9c84f000 	C:\Program Files\Android\Android Studio\jre\jre\bin\verify.dll
0x00007ffb9c810000 - 0x00007ffb9c839000 	C:\Program Files\Android\Android Studio\jre\jre\bin\java.dll
0x00007ffb9c750000 - 0x00007ffb9c766000 	C:\Program Files\Android\Android Studio\jre\jre\bin\zip.dll
0x00007ffbb4930000 - 0x00007ffbb5e20000 	C:\WINDOWS\System32\SHELL32.dll
0x00007ffbb45d0000 - 0x00007ffbb4678000 	C:\WINDOWS\System32\shcore.dll
0x00007ffbb2fa0000 - 0x00007ffbb36ea000 	C:\WINDOWS\System32\windows.storage.dll
0x00007ffbb2d40000 - 0x00007ffbb2d64000 	C:\WINDOWS\System32\profapi.dll
0x00007ffbb2d70000 - 0x00007ffbb2dcd000 	C:\WINDOWS\System32\powrprof.dll
0x00007ffbb4680000 - 0x00007ffbb46d2000 	C:\WINDOWS\System32\shlwapi.dll
0x00007ffbb2df0000 - 0x00007ffbb2e01000 	C:\WINDOWS\System32\kernel.appcore.dll
0x00007ffbb37b0000 - 0x00007ffbb37c7000 	C:\WINDOWS\System32\cryptsp.dll
0x00007ffb98070000 - 0x00007ffb9808a000 	C:\Program Files\Android\Android Studio\jre\jre\bin\net.dll
0x00007ffbb25c0000 - 0x00007ffbb2627000 	C:\WINDOWS\system32\mswsock.dll
0x00007ffb98050000 - 0x00007ffb98061000 	C:\Program Files\Android\Android Studio\jre\jre\bin\nio.dll
0x00007ffb980a0000 - 0x00007ffb980be000 	C:\Users\Asfa\.gradle\native\23\windows-amd64\native-platform.dll
0x00007ffbb2180000 - 0x00007ffbb21b3000 	C:\WINDOWS\system32\rsaenh.dll
0x00007ffbb3a70000 - 0x00007ffbb3a96000 	C:\WINDOWS\System32\bcrypt.dll
0x00007ffbb2c70000 - 0x00007ffbb2c98000 	C:\WINDOWS\SYSTEM32\USERENV.dll
0x00007ffbb2790000 - 0x00007ffbb279c000 	C:\WINDOWS\SYSTEM32\CRYPTBASE.dll
0x00007ffbb2320000 - 0x00007ffbb235d000 	C:\WINDOWS\SYSTEM32\IPHLPAPI.DLL
0x00007ffbb6470000 - 0x00007ffbb6478000 	C:\WINDOWS\System32\NSI.dll
0x00007ffba9130000 - 0x00007ffba9146000 	C:\WINDOWS\SYSTEM32\dhcpcsvc6.DLL
0x00007ffba98a0000 - 0x00007ffba98bc000 	C:\WINDOWS\SYSTEM32\dhcpcsvc.DLL
0x00007ffbb2360000 - 0x00007ffbb2426000 	C:\WINDOWS\SYSTEM32\DNSAPI.dll
0x00007ffba92b0000 - 0x00007ffba92bd000 	C:\Program Files\Android\Android Studio\jre\jre\bin\management.dll

VM Arguments:
jvm_args: -Xmx1536m -Dfile.encoding=windows-1252 -Duser.country=GB -Duser.language=en -Duser.variant 
java_command: org.gradle.launcher.daemon.bootstrap.GradleDaemon 3.3
java_class_path (initial): C:\Users\Asfa\.gradle\wrapper\dists\gradle-3.3-all\55gk2rcmfc6p2dg9u9ohc3hw9\gradle-3.3\lib\gradle-launcher-3.3.jar
Launcher Type: SUN_STANDARD

Environment Variables:
PATH=C:\Program Files (x86)\Common Files\Intel\Shared Files\cpp\bin\Intel64;C:\WINDOWS\system32;C:\WINDOWS;C:\WINDOWS\System32\Wbem;C:\WINDOWS\System32\WindowsPowerShell\v1.0\;C:\Program Files (x86)\ATI Technologies\ATI.ACE\Core-Static;C:\WINDOWS\System32\OpenSSH\;C:\Users\Asfa\AppData\Local\Microsoft\WindowsApps;
USERNAME=Asfa
OS=Windows_NT
PROCESSOR_IDENTIFIER=Intel64 Family 6 Model 60 Stepping 3, GenuineIntel



---------------  S Y S T E M  ---------------

OS: Windows 10.0 , 64 bit Build 17763 (10.0.17763.379)

CPU:total 4 (2 cores per cpu, 2 threads per core) family 6 model 60 stepping 3, cmov, cx8, fxsr, mmx, sse, sse2, sse3, ssse3, sse4.1, sse4.2, popcnt, avx, avx2, aes, clmul, erms, lzcnt, ht, tsc, tscinvbit, bmi1, bmi2

Memory: 4k page, physical 8325164k(815912k free), swap 15258720k(5372k free)

vm_info: OpenJDK 64-Bit Server VM (25.112-b06) for windows-amd64 JRE (1.8.0_112-release-b06), built on Dec  8 2016 00:54:26 by "builder" with MS VC++ 10.0 (VS2010)

time: Fri Apr 05 17:26:55 2019
elapsed time: 11 seconds (0d 0h 0m 11s)

